<?xml version="1.0" encoding="UTF-8"?>
<!-- Generated by org.testng.reporters.JUnitReportReporter -->
<testsuite skipped="0" hostname="DESKTOP-GG6HKPR" name="test.TC_Login" tests="1" failures="0" timestamp="12 May 2023 03:58:02 GMT" time="26.094" errors="0">
  <testcase name="TC_01_Login" time="26.094" classname="test.TC_Login"/>
</testsuite> <!-- test.TC_Login -->
