<?xml version="1.0" encoding="UTF-8"?>
<!-- Generated by org.testng.reporters.JUnitReportReporter -->
<testsuite skipped="0" hostname="DESKTOP-GG6HKPR" name="test.TC_Login" tests="1" failures="0" timestamp="26 Mar 2023 13:56:54 GMT" time="152.482" errors="0">
  <testcase name="TC_01_Login" time="152.482" classname="test.TC_Login"/>
</testsuite> <!-- test.TC_Login -->
