<?xml version="1.0" encoding="UTF-8"?>
<!-- Generated by org.testng.reporters.JUnitReportReporter -->
<testsuite skipped="0" hostname="DESKTOP-GG6HKPR" name="test.TC_Login" tests="1" failures="0" timestamp="12 May 2023 06:03:03 GMT" time="5.969" errors="0">
  <testcase name="TC_01_Login" time="5.969" classname="test.TC_Login"/>
</testsuite> <!-- test.TC_Login -->
