<?xml version="1.0" encoding="UTF-8"?>
<!-- Generated by org.testng.reporters.JUnitReportReporter -->
<testsuite skipped="0" hostname="DESKTOP-GG6HKPR" name="test.WebDriver_Command_Special_Events" tests="1" failures="0" timestamp="26 Mar 2023 13:14:39 GMT" time="7.614" errors="0">
  <testcase name="activeKey" time="7.614" classname="test.WebDriver_Command_Special_Events"/>
</testsuite> <!-- test.WebDriver_Command_Special_Events -->
