<?xml version="1.0" encoding="UTF-8"?>
<!-- Generated by org.testng.reporters.JUnitReportReporter -->
<testsuite skipped="0" hostname="DESKTOP-GG6HKPR" name="TestTiki" tests="4" failures="0" timestamp="23 Mar 2023 14:27:34 GMT" time="6.358" errors="0">
  <testcase name="testSearch" time="2.668" classname="TestTiki"/>
  <testcase name="testSearch" time="1.209" classname="TestTiki"/>
  <testcase name="testSearch" time="1.372" classname="TestTiki"/>
  <testcase name="testSearch" time="1.109" classname="TestTiki"/>
</testsuite> <!-- TestTiki -->
