<?xml version="1.0" encoding="UTF-8"?>
<!-- Generated by org.testng.reporters.JUnitReportReporter -->
<testsuite skipped="1" hostname="DESKTOP-GG6HKPR" name="TestNG_Day10" tests="2" failures="0" timestamp="19 Mar 2023 13:59:22 GMT" time="3.596" errors="0">
  <testcase name="test02_edit_data" time="3.596" classname="TestNG_Day10"/>
  <testcase name="Test01_Create_Product" classname="TestNG_Day10">
    <skipped/>
  </testcase> <!-- Test01_Create_Product -->
</testsuite> <!-- TestNG_Day10 -->
